Start testing: Nov 21 18:38 UTC
----------------------------------------------------------
1/8 Testing: PmrQueueTest.MaintainsFifoOrder
1/8 Test: PmrQueueTest.MaintainsFifoOrder
Command: "/workspaces/alpine/labs/oop_lab_five/build/oop_lab_five_tests" "--gtest_filter=PmrQueueTest.MaintainsFifoOrder" "--gtest_also_run_disabled_tests"
Directory: /workspaces/alpine/labs/oop_lab_five/build
"PmrQueueTest.MaintainsFifoOrder" start time: Nov 21 18:38 UTC
Output:
----------------------------------------------------------
Running main() from /workspaces/alpine/labs/oop_lab_five/build/_deps/googletest-src/googletest/src/gtest_main.cc
Note: Google Test filter = PmrQueueTest.MaintainsFifoOrder
[==========] Running 1 test from 1 test suite.
[----------] Global test environment set-up.
[----------] 1 test from PmrQueueTest
[ RUN      ] PmrQueueTest.MaintainsFifoOrder
[       OK ] PmrQueueTest.MaintainsFifoOrder (0 ms)
[----------] 1 test from PmrQueueTest (0 ms total)

[----------] Global test environment tear-down
[==========] 1 test from 1 test suite ran. (0 ms total)
[  PASSED  ] 1 test.
<end of output>
Test time =   0.00 sec
----------------------------------------------------------
Test Passed.
"PmrQueueTest.MaintainsFifoOrder" end time: Nov 21 18:38 UTC
"PmrQueueTest.MaintainsFifoOrder" time elapsed: 00:00:00
----------------------------------------------------------

2/8 Testing: PmrQueueTest.IteratesOverComplexTypes
2/8 Test: PmrQueueTest.IteratesOverComplexTypes
Command: "/workspaces/alpine/labs/oop_lab_five/build/oop_lab_five_tests" "--gtest_filter=PmrQueueTest.IteratesOverComplexTypes" "--gtest_also_run_disabled_tests"
Directory: /workspaces/alpine/labs/oop_lab_five/build
"PmrQueueTest.IteratesOverComplexTypes" start time: Nov 21 18:38 UTC
Output:
----------------------------------------------------------
Running main() from /workspaces/alpine/labs/oop_lab_five/build/_deps/googletest-src/googletest/src/gtest_main.cc
Note: Google Test filter = PmrQueueTest.IteratesOverComplexTypes
[==========] Running 1 test from 1 test suite.
[----------] Global test environment set-up.
[----------] 1 test from PmrQueueTest
[ RUN      ] PmrQueueTest.IteratesOverComplexTypes
[       OK ] PmrQueueTest.IteratesOverComplexTypes (0 ms)
[----------] 1 test from PmrQueueTest (0 ms total)

[----------] Global test environment tear-down
[==========] 1 test from 1 test suite ran. (0 ms total)
[  PASSED  ] 1 test.
<end of output>
Test time =   0.00 sec
----------------------------------------------------------
Test Passed.
"PmrQueueTest.IteratesOverComplexTypes" end time: Nov 21 18:38 UTC
"PmrQueueTest.IteratesOverComplexTypes" time elapsed: 00:00:00
----------------------------------------------------------

3/8 Testing: PmrQueueTest.CopyAndMoveOperationsPreserveOrder
3/8 Test: PmrQueueTest.CopyAndMoveOperationsPreserveOrder
Command: "/workspaces/alpine/labs/oop_lab_five/build/oop_lab_five_tests" "--gtest_filter=PmrQueueTest.CopyAndMoveOperationsPreserveOrder" "--gtest_also_run_disabled_tests"
Directory: /workspaces/alpine/labs/oop_lab_five/build
"PmrQueueTest.CopyAndMoveOperationsPreserveOrder" start time: Nov 21 18:38 UTC
Output:
----------------------------------------------------------
Running main() from /workspaces/alpine/labs/oop_lab_five/build/_deps/googletest-src/googletest/src/gtest_main.cc
Note: Google Test filter = PmrQueueTest.CopyAndMoveOperationsPreserveOrder
[==========] Running 1 test from 1 test suite.
[----------] Global test environment set-up.
[----------] 1 test from PmrQueueTest
[ RUN      ] PmrQueueTest.CopyAndMoveOperationsPreserveOrder
[       OK ] PmrQueueTest.CopyAndMoveOperationsPreserveOrder (0 ms)
[----------] 1 test from PmrQueueTest (0 ms total)

[----------] Global test environment tear-down
[==========] 1 test from 1 test suite ran. (0 ms total)
[  PASSED  ] 1 test.
<end of output>
Test time =   0.00 sec
----------------------------------------------------------
Test Passed.
"PmrQueueTest.CopyAndMoveOperationsPreserveOrder" end time: Nov 21 18:38 UTC
"PmrQueueTest.CopyAndMoveOperationsPreserveOrder" time elapsed: 00:00:00
----------------------------------------------------------

4/8 Testing: PmrQueueTest.PopOnEmptyThrows
4/8 Test: PmrQueueTest.PopOnEmptyThrows
Command: "/workspaces/alpine/labs/oop_lab_five/build/oop_lab_five_tests" "--gtest_filter=PmrQueueTest.PopOnEmptyThrows" "--gtest_also_run_disabled_tests"
Directory: /workspaces/alpine/labs/oop_lab_five/build
"PmrQueueTest.PopOnEmptyThrows" start time: Nov 21 18:38 UTC
Output:
----------------------------------------------------------
Running main() from /workspaces/alpine/labs/oop_lab_five/build/_deps/googletest-src/googletest/src/gtest_main.cc
Note: Google Test filter = PmrQueueTest.PopOnEmptyThrows
[==========] Running 1 test from 1 test suite.
[----------] Global test environment set-up.
[----------] 1 test from PmrQueueTest
[ RUN      ] PmrQueueTest.PopOnEmptyThrows
[       OK ] PmrQueueTest.PopOnEmptyThrows (0 ms)
[----------] 1 test from PmrQueueTest (0 ms total)

[----------] Global test environment tear-down
[==========] 1 test from 1 test suite ran. (0 ms total)
[  PASSED  ] 1 test.
<end of output>
Test time =   0.00 sec
----------------------------------------------------------
Test Passed.
"PmrQueueTest.PopOnEmptyThrows" end time: Nov 21 18:38 UTC
"PmrQueueTest.PopOnEmptyThrows" time elapsed: 00:00:00
----------------------------------------------------------

5/8 Testing: PmrQueueTest.FrontAndBackThrowOnEmpty
5/8 Test: PmrQueueTest.FrontAndBackThrowOnEmpty
Command: "/workspaces/alpine/labs/oop_lab_five/build/oop_lab_five_tests" "--gtest_filter=PmrQueueTest.FrontAndBackThrowOnEmpty" "--gtest_also_run_disabled_tests"
Directory: /workspaces/alpine/labs/oop_lab_five/build
"PmrQueueTest.FrontAndBackThrowOnEmpty" start time: Nov 21 18:38 UTC
Output:
----------------------------------------------------------
Running main() from /workspaces/alpine/labs/oop_lab_five/build/_deps/googletest-src/googletest/src/gtest_main.cc
Note: Google Test filter = PmrQueueTest.FrontAndBackThrowOnEmpty
[==========] Running 1 test from 1 test suite.
[----------] Global test environment set-up.
[----------] 1 test from PmrQueueTest
[ RUN      ] PmrQueueTest.FrontAndBackThrowOnEmpty
[       OK ] PmrQueueTest.FrontAndBackThrowOnEmpty (0 ms)
[----------] 1 test from PmrQueueTest (0 ms total)

[----------] Global test environment tear-down
[==========] 1 test from 1 test suite ran. (0 ms total)
[  PASSED  ] 1 test.
<end of output>
Test time =   0.00 sec
----------------------------------------------------------
Test Passed.
"PmrQueueTest.FrontAndBackThrowOnEmpty" end time: Nov 21 18:38 UTC
"PmrQueueTest.FrontAndBackThrowOnEmpty" time elapsed: 00:00:00
----------------------------------------------------------

6/8 Testing: PmrQueueTest.HandlesSingleElementLifecycle
6/8 Test: PmrQueueTest.HandlesSingleElementLifecycle
Command: "/workspaces/alpine/labs/oop_lab_five/build/oop_lab_five_tests" "--gtest_filter=PmrQueueTest.HandlesSingleElementLifecycle" "--gtest_also_run_disabled_tests"
Directory: /workspaces/alpine/labs/oop_lab_five/build
"PmrQueueTest.HandlesSingleElementLifecycle" start time: Nov 21 18:38 UTC
Output:
----------------------------------------------------------
Running main() from /workspaces/alpine/labs/oop_lab_five/build/_deps/googletest-src/googletest/src/gtest_main.cc
Note: Google Test filter = PmrQueueTest.HandlesSingleElementLifecycle
[==========] Running 1 test from 1 test suite.
[----------] Global test environment set-up.
[----------] 1 test from PmrQueueTest
[ RUN      ] PmrQueueTest.HandlesSingleElementLifecycle
[       OK ] PmrQueueTest.HandlesSingleElementLifecycle (0 ms)
[----------] 1 test from PmrQueueTest (0 ms total)

[----------] Global test environment tear-down
[==========] 1 test from 1 test suite ran. (0 ms total)
[  PASSED  ] 1 test.
<end of output>
Test time =   0.00 sec
----------------------------------------------------------
Test Passed.
"PmrQueueTest.HandlesSingleElementLifecycle" end time: Nov 21 18:38 UTC
"PmrQueueTest.HandlesSingleElementLifecycle" time elapsed: 00:00:00
----------------------------------------------------------

7/8 Testing: PmrQueueTest.HandlesManyElements
7/8 Test: PmrQueueTest.HandlesManyElements
Command: "/workspaces/alpine/labs/oop_lab_five/build/oop_lab_five_tests" "--gtest_filter=PmrQueueTest.HandlesManyElements" "--gtest_also_run_disabled_tests"
Directory: /workspaces/alpine/labs/oop_lab_five/build
"PmrQueueTest.HandlesManyElements" start time: Nov 21 18:38 UTC
Output:
----------------------------------------------------------
Running main() from /workspaces/alpine/labs/oop_lab_five/build/_deps/googletest-src/googletest/src/gtest_main.cc
Note: Google Test filter = PmrQueueTest.HandlesManyElements
[==========] Running 1 test from 1 test suite.
[----------] Global test environment set-up.
[----------] 1 test from PmrQueueTest
[ RUN      ] PmrQueueTest.HandlesManyElements
[       OK ] PmrQueueTest.HandlesManyElements (0 ms)
[----------] 1 test from PmrQueueTest (0 ms total)

[----------] Global test environment tear-down
[==========] 1 test from 1 test suite ran. (0 ms total)
[  PASSED  ] 1 test.
<end of output>
Test time =   0.00 sec
----------------------------------------------------------
Test Passed.
"PmrQueueTest.HandlesManyElements" end time: Nov 21 18:38 UTC
"PmrQueueTest.HandlesManyElements" time elapsed: 00:00:00
----------------------------------------------------------

8/8 Testing: DynamicTrackingResourceTest.ReusesReleasedBlocks
8/8 Test: DynamicTrackingResourceTest.ReusesReleasedBlocks
Command: "/workspaces/alpine/labs/oop_lab_five/build/oop_lab_five_tests" "--gtest_filter=DynamicTrackingResourceTest.ReusesReleasedBlocks" "--gtest_also_run_disabled_tests"
Directory: /workspaces/alpine/labs/oop_lab_five/build
"DynamicTrackingResourceTest.ReusesReleasedBlocks" start time: Nov 21 18:38 UTC
Output:
----------------------------------------------------------
Running main() from /workspaces/alpine/labs/oop_lab_five/build/_deps/googletest-src/googletest/src/gtest_main.cc
Note: Google Test filter = DynamicTrackingResourceTest.ReusesReleasedBlocks
[==========] Running 1 test from 1 test suite.
[----------] Global test environment set-up.
[----------] 1 test from DynamicTrackingResourceTest
[ RUN      ] DynamicTrackingResourceTest.ReusesReleasedBlocks
[       OK ] DynamicTrackingResourceTest.ReusesReleasedBlocks (0 ms)
[----------] 1 test from DynamicTrackingResourceTest (0 ms total)

[----------] Global test environment tear-down
[==========] 1 test from 1 test suite ran. (0 ms total)
[  PASSED  ] 1 test.
<end of output>
Test time =   0.00 sec
----------------------------------------------------------
Test Passed.
"DynamicTrackingResourceTest.ReusesReleasedBlocks" end time: Nov 21 18:38 UTC
"DynamicTrackingResourceTest.ReusesReleasedBlocks" time elapsed: 00:00:00
----------------------------------------------------------

End testing: Nov 21 18:38 UTC
